This is emTeX (tex386), Version 3.141 [3c-beta8] (preloaded format=plain 93.8.18)  31 JAN 1998 22:38
**&plain3 \nonstopmode\input rlman.tex
(rlman.tex (h:\apps\emtex\texinput\texinfo.tex
Loading texinfo package [Version 1.6]: Basics,
\bindingoffset=\dimen16
\normaloffset=\dimen17
\pagewidth=\dimen18
\pageheight=\dimen19
\cornerlong=\dimen20
\cornerthick=\dimen21
\topandbottommargin=\dimen22
\outerhsize=\dimen23
\outervsize=\dimen24
\headlinebox=\box16
\footlinebox=\box17
\margin=\insert252
\EMsimple=\toks12
\singlespaceskip=\skip18
\groupinvalidhelp=\toks13
\mil=\dimen25
\exdentamount=\skip19
\inmarginspacing=\skip20
 fonts,
\sffam=\fam8
\fontdepth=\count26
 page headings,
\titlepagetopglue=\skip21
\titlepagebottomglue=\skip22
\evenheadline=\toks14
\oddheadline=\toks15
\evenfootline=\toks16
\oddfootline=\toks17
 tables,
\tableindent=\dimen26
\itemindent=\dimen27
\itemmargin=\dimen28
\itemmax=\dimen29
\itemno=\count27
\multitableparskip=\skip23
\multitableparindent=\skip24
\multitablecolspace=\dimen30
\multitablelinespace=\skip25
\colcount=\count28

indexing,
\initialskipamount=\skip26
\secondaryindent=\skip27
\partialpage=\box18
\doublecolumnhsize=\dimen31
 sectioning,
\chapno=\count29
\secno=\count30
\subsecno=\count31
\subsubsecno=\count32
\appendixno=\count33
\contentsfile=\write0
\absseclevel=\count34
\secbase=\count35
\chapheadingskip=\skip28
\secheadingskip=\skip29
\subsecheadingskip=\skip30
 toc printing,
\contentsrightmargin=\skip31
\shortappendixwidth=\dimen32
\tocindent=\dimen33
 environments,
\dblarrowbox=\box19
\longdblarrowbox=\box20
\pushcharbox=\box21
\bullbox=\box22
\equivbox=\box23
\errorbox=\box24
\lispnarrowing=\skip32
\envskipamount=\skip33
\circthick=\dimen34
\cartouter=\dimen35
\cartinner=\dimen36
\normbskip=\skip34
\normpskip=\skip35
\normlskip=\skip36
\lskip=\skip37
\rskip=\skip38
 defuns,
\defbodyindent=\skip39
\defargsindent=\skip40
\deftypemargin=\skip41
\deflastargmargin=\skip42
\parencount=\count36
 cross reference,
\auxfile=\write1
\footnoteno=\count37

and turning on texinfo input format.
\defaultparindent=\dimen37
) (rlman.aux)
@cpindfile=@write2
@fnindfile=@write3
@vrindfile=@write4
@tpindfile=@write5
@kyindfile=@write6
@pgindfile=@write7
 [1] [2] (rluser.tex Chapter1
[1] [2] [3] [4] [5] [6] [7] [8]
Overfull \hbox (49.43388pt too wide) in paragraph at lines 603--603
 []@texttt Meta-Control-h: backward-kill-word      Text after the function name
 is ignored[] |

@hbox(6.69167+2.43333)x433.62
.@glue(@leftskip) 28.90755
.@hbox(0.0+0.0)x0.0
.@texttt M
.@texttt e
.@texttt t
.etc.

[9] [10] [11] [12] [13] [14] [15]) (rltech.tex Chapter2 [16] [17] [18] [19]
[20] [21] [22] [23] [24] [25] [26] [27] [28] [29] [30]
Overfull \hbox (8.07141pt too wide) in paragraph at lines 1023--1026
 @texttt internal ()[]@textrm . The de-fault list is the value of @texttt rl_ba
sic_word_break_characters[]@textrm .  |

@hbox(7.60416+1.04173)x433.62, glue set - 1.0
.@glue(@leftskip) 28.90755
.@texttt i
.@texttt n
.@texttt t
.@texttt e
.etc.

[31] [32] [33]
Overfull \hbox (26.43913pt too wide) in paragraph at lines 1165--1165
 []@texttt /* When non-zero, this global means the user is done using this prog
ram. */[] |

@hbox(7.60416+2.43333)x433.62
.@glue(@leftskip) 28.90755
.@hbox(0.0+0.0)x0.0
.@texttt /
.@texttt *
.@penalty 10000
.etc.

[34] [35]
Overfull \hbox (37.93651pt too wide) in paragraph at lines 1298--1298
 []@texttt /* Tell the GNU Readline library how to complete.  We want to try to
 complete[] |

@hbox(7.60416+2.43333)x433.62
.@glue(@leftskip) 28.90755
.@hbox(0.0+0.0)x0.0
.@texttt /
.@texttt *
.@penalty 10000
.etc.


Overfull \hbox (20.69044pt too wide) in paragraph at lines 1299--1299
 []   @texttt on command names if this is the first word in the line, or on fil
enames[] |

@hbox(6.69167+1.52081)x433.62
.@glue(@leftskip) 28.90755
.@hbox(0.0+0.0)x0.0
.@penalty 10000
.@glue 5.74869
.@penalty 10000
.etc.

[36]
Overfull \hbox (20.69044pt too wide) in paragraph at lines 1312--1312
 []   @texttt the word to complete.  We can use the entire contents of rl_line_
buffer[] |

@hbox(6.69167+2.43333)x433.62
.@glue(@leftskip) 28.90755
.@hbox(0.0+0.0)x0.0
.@penalty 10000
.@glue 5.74869
.@penalty 10000
.etc.


Overfull \hbox (26.43913pt too wide) in paragraph at lines 1313--1313
 []   @texttt in case we want to do some simple parsing.  Return the array of m
atches,[] |

@hbox(6.69167+2.43333)x433.62
.@glue(@leftskip) 28.90755
.@hbox(0.0+0.0)x0.0
.@penalty 10000
.@glue 5.74869
.@penalty 10000
.etc.


Overfull \hbox (14.94176pt too wide) in paragraph at lines 1333--1333
 []@texttt /* Generator function for command completion.  STATE lets us know wh
ether[] |

@hbox(7.60416+2.43333)x433.62
.@glue(@leftskip) 28.90755
.@hbox(0.0+0.0)x0.0
.@texttt /
.@texttt *
.@penalty 10000
.etc.


Overfull \hbox (14.94176pt too wide) in paragraph at lines 1345--1345
 []     @texttt saving the length of TEXT for efficiency, and initializing the 
index[] |

@hbox(6.69167+2.43333)x433.62
.@glue(@leftskip) 28.90755
.@hbox(0.0+0.0)x0.0
.@penalty 10000
.@glue 5.74869
.@penalty 10000
.etc.


Overfull \hbox (26.43913pt too wide) in paragraph at lines 1353--1353
 []  @texttt /* Return the next name which partially matches from the command l
ist. */[] |

@hbox(7.60416+2.43333)x433.62
.@glue(@leftskip) 28.90755
.@hbox(0.0+0.0)x0.0
.@penalty 10000
.@glue 5.74869
.@penalty 10000
.etc.

[37] [38] [39] [40]
Overfull \hbox (20.69044pt too wide) in paragraph at lines 1509--1509
 []@texttt /* The user wishes to quit using this program.  Just set DONE non-ze
ro. */[] |

@hbox(7.60416+2.43333)x433.62
.@glue(@leftskip) 28.90755
.@hbox(0.0+0.0)x0.0
.@texttt /
.@texttt *
.@penalty 10000
.etc.


Overfull \hbox (26.43913pt too wide) in paragraph at lines 1522--1522
 []           @texttt "%s: Too dangerous for me to distribute.  Write it yourse
lf.\n",[] |

@hbox(7.60416+2.43333)x433.62
.@glue(@leftskip) 28.90755
.@hbox(0.0+0.0)x0.0
.@penalty 10000
.@glue 5.74869
.@penalty 10000
.etc.

) (Concept Index) [41] [42] (rlman.cps) (Function and Variable Index) [43]
[44] (rlman.fns [45] [46]) [47] [48] (rlman.toc [-1]) [-2] ) 
Here is how much of TeX's memory you used:
 1119 strings out of 58031
 13198 string characters out of 234198
 37024 words of memory out of 262143
 1986 multiletter control sequences out of 10000
 27642 words of font info for 95 fonts, out of 81920 for 254
 18 hyphenation exceptions out of 607
 15i,7n,17p,235b,326s stack positions out of 300i,100n,60p,5000b,1000s

Output written on rlman.dvi (52 pages, 175960 bytes).
